{
  "RSpec": {
    "coverage": {
      "/Users/lionheart/CODE/RUBY/Week 6/gochef/spec/models/review_spec.rb": [
        1,
        null,
        1,
        1,
        2,
        2,
        null,
        null,
        1,
        2,
        null,
        1,
        null,
        null,
        1,
        1,
        1,
        null,
        null,
        null,
        null
      ],
      "/Users/lionheart/CODE/RUBY/Week 6/gochef/spec/rails_helper.rb": [
        null,
        1,
        1,
        1,
        null,
        1,
        1,
        1,
        1,
        5,
        null,
        null,
        null,
        null,
        null,
        null,
        null,
        null,
        null,
        null,
        null,
        null,
        null,
        null,
        null,
        null,
        null,
        null,
        null,
        1,
        null,
        1,
        null,
        null,
        null,
        1,
        null,
        1,
        null,
        null,
        null,
        null,
        null,
        null,
        null,
        1,
        null,
        null,
        null,
        null,
        null,
        null,
        null,
        null,
        null,
        null,
        null,
        null,
        null,
        null,
        1,
        null,
        null,
        1,
        null,
        null,
        null,
        1,
        1,
        null,
        null,
        null,
        null,
        1,
        1,
        1,
        1,
        null,
        null
      ],
      "/Users/lionheart/CODE/RUBY/Week 6/gochef/config/environment.rb": [
        null,
        1,
        null,
        null,
        1
      ],
      "/Users/lionheart/CODE/RUBY/Week 6/gochef/config/application.rb": [
        1,
        null,
        1,
        null,
        null,
        null,
        1,
        null,
        1,
        1,
        null,
        1,
        1,
        1,
        null,
        null,
        null,
        null,
        null
      ],
      "/Users/lionheart/CODE/RUBY/Week 6/gochef/config/boot.rb": [
        1,
        null,
        1
      ],
      "/Users/lionheart/CODE/RUBY/Week 6/gochef/config/environments/test.rb": [
        1,
        null,
        null,
        null,
        null,
        null,
        null,
        1,
        null,
        null,
        null,
        null,
        1,
        null,
        null,
        1,
        1,
        null,
        null,
        null,
        null,
        1,
        1,
        null,
        null,
        1,
        null,
        null,
        1,
        1,
        null,
        null,
        null,
        null,
        1,
        null,
        null,
        1,
        null,
        1,
        null,
        null,
        null,
        null
      ],
      "/Users/lionheart/CODE/RUBY/Week 6/gochef/config/initializers/application_controller_renderer.rb": [
        null,
        null,
        null,
        null,
        null,
        null,
        null,
        null
      ],
      "/Users/lionheart/CODE/RUBY/Week 6/gochef/config/initializers/assets.rb": [
        null,
        null,
        null,
        1,
        null,
        null,
        null,
        null,
        1,
        null,
        null,
        null,
        null,
        null
      ],
      "/Users/lionheart/CODE/RUBY/Week 6/gochef/config/initializers/backtrace_silencers.rb": [
        null,
        null,
        null,
        null,
        null,
        null,
        null
      ],
      "/Users/lionheart/CODE/RUBY/Week 6/gochef/config/initializers/cookies_serializer.rb": [
        null,
        null,
        null,
        null,
        1
      ],
      "/Users/lionheart/CODE/RUBY/Week 6/gochef/config/initializers/devise.rb": [
        null,
        null,
        null,
        null,
        1,
        null,
        null,
        null,
        null,
        null,
        null,
        null,
        null,
        null,
        null,
        1,
        null,
        null,
        null,
        null,
        1,
        null,
        null,
        null,
        null,
        null,
        null,
        null,
        null,
        null,
        null,
        null,
        1,
        null,
        null,
        null,
        null,
        null,
        null,
        null,
        null,
        null,
        null,
        null,
        null,
        null,
        null,
        null,
        null,
        null,
        null,
        null,
        null,
        null,
        1,
        null,
        null,
        null,
        null,
        1,
        null,
        null,
        null,
        null,
        null,
        null,
        null,
        null,
        null,
        null,
        null,
        null,
        null,
        null,
        null,
        null,
        null,
        null,
        null,
        null,
        null,
        null,
        null,
        null,
        null,
        null,
        null,
        null,
        null,
        null,
        1,
        null,
        null,
        null,
        null,
        null,
        null,
        null,
        null,
        null,
        null,
        null,
        null,
        null,
        null,
        null,
        null,
        null,
        null,
        null,
        null,
        null,
        null,
        1,
        null,
        null,
        null,
        null,
        null,
        null,
        null,
        null,
        null,
        null,
        null,
        null,
        null,
        null,
        null,
        null,
        null,
        null,
        null,
        null,
        null,
        null,
        null,
        null,
        null,
        null,
        null,
        null,
        null,
        null,
        1,
        null,
        null,
        null,
        null,
        null,
        null,
        null,
        null,
        null,
        1,
        null,
        null,
        null,
        null,
        null,
        null,
        null,
        null,
        null,
        null,
        1,
        null,
        null,
        null,
        null,
        1,
        null,
        null,
        null,
        null,
        null,
        null,
        null,
        null,
        null,
        null,
        null,
        null,
        null,
        null,
        null,
        null,
        null,
        null,
        null,
        null,
        null,
        null,
        null,
        null,
        null,
        null,
        null,
        null,
        null,
        null,
        null,
        null,
        null,
        null,
        null,
        null,
        null,
        null,
        null,
        null,
        1,
        null,
        null,
        null,
        null,
        null,
        null,
        null,
        null,
        null,
        null,
        null,
        null,
        null,
        null,
        null,
        null,
        null,
        null,
        null,
        null,
        null,
        null,
        null,
        null,
        null,
        null,
        null,
        null,
        null,
        null,
        null,
        null,
        null,
        null,
        null,
        null,
        null,
        null,
        null,
        null,
        null,
        1,
        null,
        null,
        null,
        null,
        null,
        null,
        null,
        null,
        null,
        null,
        null,
        null,
        null,
        null,
        null,
        null,
        null,
        null,
        null,
        null,
        null,
        null,
        null,
        null,
        null,
        null,
        null,
        null,
        null
      ],
      "/Users/lionheart/CODE/RUBY/Week 6/gochef/config/initializers/filter_parameter_logging.rb": [
        null,
        null,
        null,
        1
      ],
      "/Users/lionheart/CODE/RUBY/Week 6/gochef/config/initializers/geokit_config.rb": [
        null,
        1,
        1,
        null,
        null,
        null,
        null,
        1,
        null,
        null,
        null,
        null,
        null,
        null,
        null,
        null,
        null,
        null,
        null,
        null,
        null,
        null,
        null,
        null,
        null,
        null,
        null,
        null,
        null,
        null,
        1,
        null,
        null,
        null,
        null,
        null,
        null,
        null,
        null,
        null,
        null,
        null,
        null,
        null,
        null,
        null,
        null,
        null,
        null,
        null,
        null,
        null,
        null,
        null,
        null,
        null,
        null,
        null,
        null,
        null,
        null,
        null,
        null,
        null,
        null,
        null,
        null,
        null,
        null,
        null,
        null,
        null,
        null,
        null,
        null,
        null,
        null,
        null,
        null,
        null,
        null,
        null,
        null,
        null,
        null,
        null,
        null,
        null,
        null,
        null,
        null,
        null,
        null,
        null,
        null,
        null,
        null,
        null,
        null,
        null
      ],
      "/Users/lionheart/CODE/RUBY/Week 6/gochef/config/initializers/inflections.rb": [
        null,
        null,
        null,
        null,
        null,
        null,
        null,
        null,
        null,
        null,
        null,
        null,
        null,
        null,
        null,
        null
      ],
      "/Users/lionheart/CODE/RUBY/Week 6/gochef/config/initializers/mime_types.rb": [
        null,
        null,
        null,
        null
      ],
      "/Users/lionheart/CODE/RUBY/Week 6/gochef/config/initializers/new_framework_defaults.rb": [
        1
      ],
      "/Users/lionheart/CODE/RUBY/Week 6/gochef/config/initializers/wrap_parameters.rb": [
        null,
        null,
        null,
        null,
        null,
        null,
        1,
        2,
        null,
        null,
        null,
        null,
        null,
        null
      ],
      "/Users/lionheart/CODE/RUBY/Week 6/gochef/spec/factories/users.rb": [
        1,
        1,
        1,
        1,
        1,
        1,
        1,
        1,
        null,
        null,
        null,
        null
      ],
      "/Users/lionheart/CODE/RUBY/Week 6/gochef/config/routes.rb": [
        1,
        null,
        1,
        null,
        1,
        1,
        1,
        1,
        null,
        null,
        null,
        null,
        null,
        1,
        1,
        1,
        1,
        1,
        null,
        null,
        null,
        null,
        null,
        null,
        null
      ],
      "/Users/lionheart/CODE/RUBY/Week 6/gochef/app/models/user.rb": [
        1,
        null,
        1,
        1,
        1,
        null,
        null,
        null,
        null,
        null,
        1,
        1,
        null,
        1,
        94,
        1,
        1,
        null,
        1,
        null,
        1,
        58,
        58,
        58,
        58,
        58,
        null,
        null,
        null,
        null,
        null,
        null,
        1,
        null,
        null,
        1,
        164,
        3,
        161,
        null,
        null,
        null,
        1,
        2,
        1,
        null,
        1,
        null,
        null,
        null,
        null,
        null
      ],
      "/Users/lionheart/CODE/RUBY/Week 6/gochef/app/models/application_record.rb": [
        1,
        1,
        null
      ],
      "/Users/lionheart/CODE/RUBY/Week 6/gochef/app/helpers/application_helper.rb": [
        1,
        null,
        null
      ],
      "/Users/lionheart/CODE/RUBY/Week 6/gochef/app/helpers/contact_helper.rb": [
        1,
        null
      ],
      "/Users/lionheart/CODE/RUBY/Week 6/gochef/app/helpers/images_helper.rb": [
        1,
        null
      ],
      "/Users/lionheart/CODE/RUBY/Week 6/gochef/app/helpers/reviews_helper.rb": [
        1,
        null
      ],
      "/Users/lionheart/CODE/RUBY/Week 6/gochef/app/helpers/user_profile_helper.rb": [
        1,
        null
      ],
      "/Users/lionheart/CODE/RUBY/Week 6/gochef/app/helpers/users_helper.rb": [
        1,
        null
      ],
      "/Users/lionheart/CODE/RUBY/Week 6/gochef/spec/support/devise.rb": [
        1,
        1,
        1,
        null,
        null
      ],
      "/Users/lionheart/CODE/RUBY/Week 6/gochef/spec/support/capybara.rb": [
        1,
        1,
        1,
        4,
        null,
        null,
        1,
        4,
        null,
        null,
        null,
        1,
        1,
        null,
        null,
        null,
        null,
        null,
        null,
        null,
        null,
        1
      ],
      "/Users/lionheart/CODE/RUBY/Week 6/gochef/spec/support/factory_bot.rb": [
        1,
        1,
        null
      ],
      "/Users/lionheart/CODE/RUBY/Week 6/gochef/spec/support/request_spec_helper.rb": [
        1,
        null,
        1,
        null,
        1,
        0,
        0,
        null,
        null,
        1,
        0,
        null,
        null,
        1,
        0,
        null,
        null,
        1,
        null,
        1,
        0,
        null,
        null,
        null
      ],
      "/Users/lionheart/CODE/RUBY/Week 6/gochef/app/models/review.rb": [
        1,
        null,
        1,
        1,
        1,
        null,
        1,
        1,
        null,
        1,
        23,
        null,
        null
      ],
      "/Users/lionheart/CODE/RUBY/Week 6/gochef/spec/models/user_spec.rb": [
        1,
        null,
        1,
        1,
        9,
        null,
        null,
        1,
        2,
        2,
        null,
        null,
        1,
        null,
        null,
        1,
        1,
        1,
        null,
        null,
        null,
        1,
        1,
        4,
        4,
        null,
        null,
        1,
        1,
        1,
        null,
        1,
        1,
        1,
        null,
        1,
        1,
        1,
        null,
        1,
        1,
        1,
        null,
        null,
        null,
        1,
        1,
        1,
        1,
        null,
        null,
        1,
        1,
        1,
        null,
        null,
        null
      ],
      "/Users/lionheart/CODE/RUBY/Week 6/gochef/spec/system/search_system_spec.rb": [
        1,
        null,
        1,
        1,
        0,
        null,
        null,
        1,
        4,
        4,
        null,
        1,
        1,
        1,
        1,
        1,
        1,
        1,
        null,
        null,
        1,
        1,
        1,
        1,
        1,
        1,
        null,
        null,
        1,
        1,
        1,
        1,
        1,
        1,
        1,
        1,
        null,
        null,
        1,
        1,
        1,
        1,
        1,
        1,
        null,
        null
      ],
      "/Users/lionheart/CODE/RUBY/Week 6/gochef/app/controllers/users_controller.rb": [
        1,
        null,
        null,
        null,
        1,
        4,
        4,
        null,
        null,
        1,
        0,
        0,
        0,
        0,
        0,
        0,
        0,
        0,
        0,
        0,
        null,
        0,
        0,
        0,
        null,
        0,
        0,
        null,
        null,
        0,
        null,
        0,
        null,
        null,
        0,
        0,
        null,
        null,
        0,
        null,
        null,
        1,
        4,
        4,
        4,
        4,
        4,
        4,
        null,
        1,
        1,
        null,
        null,
        0,
        null,
        null,
        4,
        null,
        null,
        1,
        0,
        0,
        0,
        0,
        0,
        null,
        null,
        1,
        0,
        0,
        null,
        null,
        1,
        0,
        0,
        0,
        null,
        null,
        1,
        0,
        0,
        0,
        0,
        0,
        0,
        0,
        0,
        null,
        0,
        0,
        0,
        null,
        0,
        null,
        null,
        null,
        1,
        1,
        0,
        null,
        null,
        null
      ],
      "/Users/lionheart/CODE/RUBY/Week 6/gochef/app/controllers/application_controller.rb": [
        1,
        1,
        27,
        null,
        null,
        1,
        null,
        1,
        8,
        8,
        null,
        null,
        1,
        8,
        8,
        8,
        null,
        null,
        1,
        1,
        null,
        1,
        null,
        1,
        0,
        null,
        null
      ]
    },
    "timestamp": 1527165034
  }
}
