{
  "RSpec": {
    "coverage": {
      "/Users/lionheart/CODE/RUBY/Week 6/gochef/app/models/user.rb": [
        1,
        null,
        1,
        1,
        1,
        null,
        null,
        null,
        null,
        null,
        1,
        1,
        null,
        1,
        232,
        1,
        1,
        null,
        1,
        null,
        1,
        169,
        169,
        169,
        169,
        169,
        null,
        null,
        null,
        null,
        null,
        null,
        1,
        null,
        null,
        1,
        413,
        3,
        410,
        null,
        null,
        null,
        1,
        6,
        4,
        null,
        2,
        null,
        null,
        null,
        null,
        null
      ],
      "/Users/lionheart/CODE/RUBY/Week 6/gochef/app/models/application_record.rb": [
        1,
        1,
        null
      ],
      "/Users/lionheart/CODE/RUBY/Week 6/gochef/app/helpers/application_helper.rb": [
        1,
        null,
        null
      ],
      "/Users/lionheart/CODE/RUBY/Week 6/gochef/app/helpers/contact_helper.rb": [
        1,
        null
      ],
      "/Users/lionheart/CODE/RUBY/Week 6/gochef/app/helpers/images_helper.rb": [
        1,
        null
      ],
      "/Users/lionheart/CODE/RUBY/Week 6/gochef/app/helpers/reviews_helper.rb": [
        1,
        null
      ],
      "/Users/lionheart/CODE/RUBY/Week 6/gochef/app/helpers/user_profile_helper.rb": [
        1,
        null
      ],
      "/Users/lionheart/CODE/RUBY/Week 6/gochef/app/helpers/users_helper.rb": [
        1,
        null
      ],
      "/Users/lionheart/CODE/RUBY/Week 6/gochef/app/controllers/users_controller.rb": [
        1,
        null,
        null,
        null,
        1,
        11,
        11,
        null,
        null,
        1,
        7,
        7,
        7,
        1,
        6,
        2,
        3,
        1,
        2,
        1,
        null,
        1,
        1,
        null,
        null,
        1,
        1,
        null,
        null,
        7,
        null,
        null,
        1,
        9,
        9,
        9,
        6,
        6,
        null,
        0,
        0,
        null,
        null,
        3,
        null,
        null,
        9,
        null,
        null,
        1,
        1,
        1,
        1,
        1,
        1,
        null,
        null,
        1,
        1,
        1,
        null,
        null,
        1,
        null,
        2,
        2,
        2,
        1,
        1,
        1,
        1,
        1,
        null,
        1,
        1,
        1,
        null,
        1,
        null,
        null,
        null,
        1,
        13,
        null,
        null,
        null,
        1,
        1,
        1,
        null,
        null,
        null
      ],
      "/Users/lionheart/CODE/RUBY/Week 6/gochef/app/controllers/application_controller.rb": [
        1,
        1,
        87,
        null,
        null,
        1,
        null,
        1,
        31,
        31,
        null,
        null,
        1,
        31,
        31,
        31,
        null,
        null,
        1,
        1,
        null,
        1,
        null,
        1,
        2,
        null,
        null
      ],
      "/Users/lionheart/CODE/RUBY/Week 6/gochef/app/models/review.rb": [
        1,
        null,
        1,
        1,
        1,
        null,
        1,
        1,
        null,
        1,
        24,
        null,
        null
      ],
      "/Users/lionheart/CODE/RUBY/Week 6/gochef/app/models/image.rb": [
        1,
        1,
        null,
        null,
        null,
        1,
        null
      ],
      "/Users/lionheart/CODE/RUBY/Week 6/gochef/app/uploaders/image_uploader.rb": [
        1,
        null,
        null,
        null,
        null,
        null,
        1,
        null,
        null,
        null,
        null,
        1,
        0,
        null,
        null,
        null,
        null,
        null,
        null,
        null,
        null,
        null,
        null,
        null,
        null,
        null,
        null,
        null,
        null,
        null,
        null,
        null,
        null,
        null,
        null,
        null,
        null,
        1,
        0,
        null,
        null,
        null,
        null,
        null,
        null,
        null,
        null
      ],
      "/Users/lionheart/CODE/RUBY/Week 6/gochef/app/controllers/users/sessions_controller.rb": [
        null,
        null,
        1,
        null,
        null,
        null,
        null,
        null,
        null,
        null,
        null,
        null,
        null,
        null,
        null,
        null,
        null,
        null,
        null,
        null,
        null,
        null,
        null,
        null,
        1,
        null,
        null,
        1,
        0,
        null,
        null
      ]
    },
    "timestamp": 1527283527
  }
}
